0 info it worked if it ends with ok
1 verbose cli [ '/home/farooq/.nvm/v0.11.13/bin/node',
1 verbose cli   '/home/farooq/.nvm/v0.11.13/bin/npm',
1 verbose cli   'i' ]
2 info using npm@1.4.9
3 info using node@v0.11.13
4 warn package.json makanmana@1.1.1 No repository field.
5 warn package.json makanmana@1.1.1 No README data
6 verbose readDependencies using package.json deps
7 verbose install where, deps [ '/home/farooq/Documents/workspace/fyp/makanMana',
7 verbose install   [ 'gulp',
7 verbose install     'gulp-sass',
7 verbose install     'gulp-concat',
7 verbose install     'gulp-minify-css',
7 verbose install     'gulp-rename',
7 verbose install     'bower',
7 verbose install     'gulp-util',
7 verbose install     'shelljs' ] ]
8 info preinstall makanmana@1.1.1
9 verbose readDependencies using package.json deps
10 verbose cache add [ 'gulp@^3.5.6', null ]
11 verbose cache add name=undefined spec="gulp@^3.5.6" args=["gulp@^3.5.6",null]
12 verbose parsed url { protocol: null,
12 verbose parsed url   slashes: null,
12 verbose parsed url   auth: null,
12 verbose parsed url   host: null,
12 verbose parsed url   port: null,
12 verbose parsed url   hostname: null,
12 verbose parsed url   hash: null,
12 verbose parsed url   search: null,
12 verbose parsed url   query: null,
12 verbose parsed url   pathname: 'gulp@%5E3.5.6',
12 verbose parsed url   path: 'gulp@%5E3.5.6',
12 verbose parsed url   href: 'gulp@%5E3.5.6' }
13 verbose cache add name="gulp" spec="^3.5.6" args=["gulp","^3.5.6"]
14 verbose parsed url { protocol: null,
14 verbose parsed url   slashes: null,
14 verbose parsed url   auth: null,
14 verbose parsed url   host: null,
14 verbose parsed url   port: null,
14 verbose parsed url   hostname: null,
14 verbose parsed url   hash: null,
14 verbose parsed url   search: null,
14 verbose parsed url   query: null,
14 verbose parsed url   pathname: '%5E3.5.6',
14 verbose parsed url   path: '%5E3.5.6',
14 verbose parsed url   href: '%5E3.5.6' }
15 verbose addNamed [ 'gulp', '^3.5.6' ]
16 verbose addNamed [ null, '>=3.5.6-0 <4.0.0-0' ]
17 verbose cache add [ 'gulp-sass@^2.0.4', null ]
18 verbose cache add name=undefined spec="gulp-sass@^2.0.4" args=["gulp-sass@^2.0.4",null]
19 verbose parsed url { protocol: null,
19 verbose parsed url   slashes: null,
19 verbose parsed url   auth: null,
19 verbose parsed url   host: null,
19 verbose parsed url   port: null,
19 verbose parsed url   hostname: null,
19 verbose parsed url   hash: null,
19 verbose parsed url   search: null,
19 verbose parsed url   query: null,
19 verbose parsed url   pathname: 'gulp-sass@%5E2.0.4',
19 verbose parsed url   path: 'gulp-sass@%5E2.0.4',
19 verbose parsed url   href: 'gulp-sass@%5E2.0.4' }
20 verbose cache add name="gulp-sass" spec="^2.0.4" args=["gulp-sass","^2.0.4"]
21 verbose parsed url { protocol: null,
21 verbose parsed url   slashes: null,
21 verbose parsed url   auth: null,
21 verbose parsed url   host: null,
21 verbose parsed url   port: null,
21 verbose parsed url   hostname: null,
21 verbose parsed url   hash: null,
21 verbose parsed url   search: null,
21 verbose parsed url   query: null,
21 verbose parsed url   pathname: '%5E2.0.4',
21 verbose parsed url   path: '%5E2.0.4',
21 verbose parsed url   href: '%5E2.0.4' }
22 verbose addNamed [ 'gulp-sass', '^2.0.4' ]
23 verbose addNamed [ null, '>=2.0.4-0 <3.0.0-0' ]
24 verbose cache add [ 'gulp-concat@^2.2.0', null ]
25 verbose cache add name=undefined spec="gulp-concat@^2.2.0" args=["gulp-concat@^2.2.0",null]
26 verbose parsed url { protocol: null,
26 verbose parsed url   slashes: null,
26 verbose parsed url   auth: null,
26 verbose parsed url   host: null,
26 verbose parsed url   port: null,
26 verbose parsed url   hostname: null,
26 verbose parsed url   hash: null,
26 verbose parsed url   search: null,
26 verbose parsed url   query: null,
26 verbose parsed url   pathname: 'gulp-concat@%5E2.2.0',
26 verbose parsed url   path: 'gulp-concat@%5E2.2.0',
26 verbose parsed url   href: 'gulp-concat@%5E2.2.0' }
27 verbose cache add name="gulp-concat" spec="^2.2.0" args=["gulp-concat","^2.2.0"]
28 verbose parsed url { protocol: null,
28 verbose parsed url   slashes: null,
28 verbose parsed url   auth: null,
28 verbose parsed url   host: null,
28 verbose parsed url   port: null,
28 verbose parsed url   hostname: null,
28 verbose parsed url   hash: null,
28 verbose parsed url   search: null,
28 verbose parsed url   query: null,
28 verbose parsed url   pathname: '%5E2.2.0',
28 verbose parsed url   path: '%5E2.2.0',
28 verbose parsed url   href: '%5E2.2.0' }
29 verbose addNamed [ 'gulp-concat', '^2.2.0' ]
30 verbose addNamed [ null, '>=2.2.0-0 <3.0.0-0' ]
31 verbose cache add [ 'gulp-minify-css@^0.3.0', null ]
32 verbose cache add name=undefined spec="gulp-minify-css@^0.3.0" args=["gulp-minify-css@^0.3.0",null]
33 verbose parsed url { protocol: null,
33 verbose parsed url   slashes: null,
33 verbose parsed url   auth: null,
33 verbose parsed url   host: null,
33 verbose parsed url   port: null,
33 verbose parsed url   hostname: null,
33 verbose parsed url   hash: null,
33 verbose parsed url   search: null,
33 verbose parsed url   query: null,
33 verbose parsed url   pathname: 'gulp-minify-css@%5E0.3.0',
33 verbose parsed url   path: 'gulp-minify-css@%5E0.3.0',
33 verbose parsed url   href: 'gulp-minify-css@%5E0.3.0' }
34 verbose cache add name="gulp-minify-css" spec="^0.3.0" args=["gulp-minify-css","^0.3.0"]
35 verbose parsed url { protocol: null,
35 verbose parsed url   slashes: null,
35 verbose parsed url   auth: null,
35 verbose parsed url   host: null,
35 verbose parsed url   port: null,
35 verbose parsed url   hostname: null,
35 verbose parsed url   hash: null,
35 verbose parsed url   search: null,
35 verbose parsed url   query: null,
35 verbose parsed url   pathname: '%5E0.3.0',
35 verbose parsed url   path: '%5E0.3.0',
35 verbose parsed url   href: '%5E0.3.0' }
36 verbose addNamed [ 'gulp-minify-css', '^0.3.0' ]
37 verbose addNamed [ null, '>=0.3.0-0 <0.4.0-0' ]
38 verbose cache add [ 'gulp-rename@^1.2.0', null ]
39 verbose cache add name=undefined spec="gulp-rename@^1.2.0" args=["gulp-rename@^1.2.0",null]
40 verbose parsed url { protocol: null,
40 verbose parsed url   slashes: null,
40 verbose parsed url   auth: null,
40 verbose parsed url   host: null,
40 verbose parsed url   port: null,
40 verbose parsed url   hostname: null,
40 verbose parsed url   hash: null,
40 verbose parsed url   search: null,
40 verbose parsed url   query: null,
40 verbose parsed url   pathname: 'gulp-rename@%5E1.2.0',
40 verbose parsed url   path: 'gulp-rename@%5E1.2.0',
40 verbose parsed url   href: 'gulp-rename@%5E1.2.0' }
41 verbose cache add name="gulp-rename" spec="^1.2.0" args=["gulp-rename","^1.2.0"]
42 verbose parsed url { protocol: null,
42 verbose parsed url   slashes: null,
42 verbose parsed url   auth: null,
42 verbose parsed url   host: null,
42 verbose parsed url   port: null,
42 verbose parsed url   hostname: null,
42 verbose parsed url   hash: null,
42 verbose parsed url   search: null,
42 verbose parsed url   query: null,
42 verbose parsed url   pathname: '%5E1.2.0',
42 verbose parsed url   path: '%5E1.2.0',
42 verbose parsed url   href: '%5E1.2.0' }
43 verbose addNamed [ 'gulp-rename', '^1.2.0' ]
44 verbose addNamed [ null, '>=1.2.0-0 <2.0.0-0' ]
45 verbose cache add [ 'bower@^1.3.3', null ]
46 verbose cache add name=undefined spec="bower@^1.3.3" args=["bower@^1.3.3",null]
47 verbose parsed url { protocol: null,
47 verbose parsed url   slashes: null,
47 verbose parsed url   auth: null,
47 verbose parsed url   host: null,
47 verbose parsed url   port: null,
47 verbose parsed url   hostname: null,
47 verbose parsed url   hash: null,
47 verbose parsed url   search: null,
47 verbose parsed url   query: null,
47 verbose parsed url   pathname: 'bower@%5E1.3.3',
47 verbose parsed url   path: 'bower@%5E1.3.3',
47 verbose parsed url   href: 'bower@%5E1.3.3' }
48 verbose cache add name="bower" spec="^1.3.3" args=["bower","^1.3.3"]
49 verbose parsed url { protocol: null,
49 verbose parsed url   slashes: null,
49 verbose parsed url   auth: null,
49 verbose parsed url   host: null,
49 verbose parsed url   port: null,
49 verbose parsed url   hostname: null,
49 verbose parsed url   hash: null,
49 verbose parsed url   search: null,
49 verbose parsed url   query: null,
49 verbose parsed url   pathname: '%5E1.3.3',
49 verbose parsed url   path: '%5E1.3.3',
49 verbose parsed url   href: '%5E1.3.3' }
50 verbose addNamed [ 'bower', '^1.3.3' ]
51 verbose addNamed [ null, '>=1.3.3-0 <2.0.0-0' ]
52 verbose cache add [ 'gulp-util@^2.2.14', null ]
53 verbose cache add name=undefined spec="gulp-util@^2.2.14" args=["gulp-util@^2.2.14",null]
54 verbose parsed url { protocol: null,
54 verbose parsed url   slashes: null,
54 verbose parsed url   auth: null,
54 verbose parsed url   host: null,
54 verbose parsed url   port: null,
54 verbose parsed url   hostname: null,
54 verbose parsed url   hash: null,
54 verbose parsed url   search: null,
54 verbose parsed url   query: null,
54 verbose parsed url   pathname: 'gulp-util@%5E2.2.14',
54 verbose parsed url   path: 'gulp-util@%5E2.2.14',
54 verbose parsed url   href: 'gulp-util@%5E2.2.14' }
55 verbose cache add name="gulp-util" spec="^2.2.14" args=["gulp-util","^2.2.14"]
56 verbose parsed url { protocol: null,
56 verbose parsed url   slashes: null,
56 verbose parsed url   auth: null,
56 verbose parsed url   host: null,
56 verbose parsed url   port: null,
56 verbose parsed url   hostname: null,
56 verbose parsed url   hash: null,
56 verbose parsed url   search: null,
56 verbose parsed url   query: null,
56 verbose parsed url   pathname: '%5E2.2.14',
56 verbose parsed url   path: '%5E2.2.14',
56 verbose parsed url   href: '%5E2.2.14' }
57 verbose addNamed [ 'gulp-util', '^2.2.14' ]
58 verbose addNamed [ null, '>=2.2.14-0 <3.0.0-0' ]
59 verbose cache add [ 'shelljs@^0.3.0', null ]
60 verbose cache add name=undefined spec="shelljs@^0.3.0" args=["shelljs@^0.3.0",null]
61 verbose parsed url { protocol: null,
61 verbose parsed url   slashes: null,
61 verbose parsed url   auth: null,
61 verbose parsed url   host: null,
61 verbose parsed url   port: null,
61 verbose parsed url   hostname: null,
61 verbose parsed url   hash: null,
61 verbose parsed url   search: null,
61 verbose parsed url   query: null,
61 verbose parsed url   pathname: 'shelljs@%5E0.3.0',
61 verbose parsed url   path: 'shelljs@%5E0.3.0',
61 verbose parsed url   href: 'shelljs@%5E0.3.0' }
62 verbose cache add name="shelljs" spec="^0.3.0" args=["shelljs","^0.3.0"]
63 verbose parsed url { protocol: null,
63 verbose parsed url   slashes: null,
63 verbose parsed url   auth: null,
63 verbose parsed url   host: null,
63 verbose parsed url   port: null,
63 verbose parsed url   hostname: null,
63 verbose parsed url   hash: null,
63 verbose parsed url   search: null,
63 verbose parsed url   query: null,
63 verbose parsed url   pathname: '%5E0.3.0',
63 verbose parsed url   path: '%5E0.3.0',
63 verbose parsed url   href: '%5E0.3.0' }
64 verbose addNamed [ 'shelljs', '^0.3.0' ]
65 verbose addNamed [ null, '>=0.3.0-0 <0.4.0-0' ]
66 silly lockFile 28ac0b1b-gulp-3-5-6 gulp@^3.5.6
67 verbose lock gulp@^3.5.6 /home/farooq/.npm/28ac0b1b-gulp-3-5-6.lock
68 silly lockFile 23012142-gulp-sass-2-0-4 gulp-sass@^2.0.4
69 verbose lock gulp-sass@^2.0.4 /home/farooq/.npm/23012142-gulp-sass-2-0-4.lock
70 silly lockFile bade1119-gulp-concat-2-2-0 gulp-concat@^2.2.0
71 verbose lock gulp-concat@^2.2.0 /home/farooq/.npm/bade1119-gulp-concat-2-2-0.lock
72 silly lockFile 97140670-gulp-minify-css-0-3-0 gulp-minify-css@^0.3.0
73 verbose lock gulp-minify-css@^0.3.0 /home/farooq/.npm/97140670-gulp-minify-css-0-3-0.lock
74 silly lockFile 31cef36d-gulp-rename-1-2-0 gulp-rename@^1.2.0
75 verbose lock gulp-rename@^1.2.0 /home/farooq/.npm/31cef36d-gulp-rename-1-2-0.lock
76 silly lockFile 0aa5c27e-bower-1-3-3 bower@^1.3.3
77 verbose lock bower@^1.3.3 /home/farooq/.npm/0aa5c27e-bower-1-3-3.lock
78 silly lockFile e3e5f16b-gulp-util-2-2-14 gulp-util@^2.2.14
79 verbose lock gulp-util@^2.2.14 /home/farooq/.npm/e3e5f16b-gulp-util-2-2-14.lock
80 silly lockFile 1ddaa962-shelljs-0-3-0 shelljs@^0.3.0
81 verbose lock shelljs@^0.3.0 /home/farooq/.npm/1ddaa962-shelljs-0-3-0.lock
82 silly addNameRange { name: 'gulp', range: '>=3.5.6-0 <4.0.0-0', hasData: false }
83 silly addNameRange { name: 'gulp-sass',
83 silly addNameRange   range: '>=2.0.4-0 <3.0.0-0',
83 silly addNameRange   hasData: false }
84 silly addNameRange { name: 'gulp-concat',
84 silly addNameRange   range: '>=2.2.0-0 <3.0.0-0',
84 silly addNameRange   hasData: false }
85 silly addNameRange { name: 'gulp-minify-css',
85 silly addNameRange   range: '>=0.3.0-0 <0.4.0-0',
85 silly addNameRange   hasData: false }
86 silly addNameRange { name: 'gulp-rename',
86 silly addNameRange   range: '>=1.2.0-0 <2.0.0-0',
86 silly addNameRange   hasData: false }
87 silly addNameRange { name: 'bower', range: '>=1.3.3-0 <2.0.0-0', hasData: false }
88 silly addNameRange { name: 'gulp-util',
88 silly addNameRange   range: '>=2.2.14-0 <3.0.0-0',
88 silly addNameRange   hasData: false }
89 silly addNameRange { name: 'shelljs', range: '>=0.3.0-0 <0.4.0-0', hasData: false }
90 verbose url raw gulp-sass
91 verbose url resolving [ 'https://registry.npmjs.org/', './gulp-sass' ]
92 verbose url resolved https://registry.npmjs.org/gulp-sass
93 info trying registry request attempt 1 at 11:26:24
94 http GET https://registry.npmjs.org/gulp-sass
95 verbose url raw gulp-concat
96 verbose url resolving [ 'https://registry.npmjs.org/', './gulp-concat' ]
97 verbose url resolved https://registry.npmjs.org/gulp-concat
98 info trying registry request attempt 1 at 11:26:24
99 http GET https://registry.npmjs.org/gulp-concat
100 verbose url raw gulp-minify-css
101 verbose url resolving [ 'https://registry.npmjs.org/', './gulp-minify-css' ]
102 verbose url resolved https://registry.npmjs.org/gulp-minify-css
103 info trying registry request attempt 1 at 11:26:24
104 http GET https://registry.npmjs.org/gulp-minify-css
105 verbose url raw gulp-rename
106 verbose url resolving [ 'https://registry.npmjs.org/', './gulp-rename' ]
107 verbose url resolved https://registry.npmjs.org/gulp-rename
108 info trying registry request attempt 1 at 11:26:24
109 http GET https://registry.npmjs.org/gulp-rename
110 verbose url raw gulp
111 verbose url resolving [ 'https://registry.npmjs.org/', './gulp' ]
112 verbose url resolved https://registry.npmjs.org/gulp
113 info trying registry request attempt 1 at 11:26:24
114 verbose etag "1IH3V6NJ7A88JYCUNVUEJDD1N"
115 http GET https://registry.npmjs.org/gulp
116 verbose url raw gulp-util
117 verbose url resolving [ 'https://registry.npmjs.org/', './gulp-util' ]
118 verbose url resolved https://registry.npmjs.org/gulp-util
119 info trying registry request attempt 1 at 11:26:24
120 verbose etag "EACVK8VVVTFGMI00FFSHXAJ3V"
121 http GET https://registry.npmjs.org/gulp-util
122 verbose url raw shelljs
123 verbose url resolving [ 'https://registry.npmjs.org/', './shelljs' ]
124 verbose url resolved https://registry.npmjs.org/shelljs
125 info trying registry request attempt 1 at 11:26:24
126 verbose etag "43G9LIDN22DVO201D18DHX53C"
127 http GET https://registry.npmjs.org/shelljs
128 verbose url raw bower
129 verbose url resolving [ 'https://registry.npmjs.org/', './bower' ]
130 verbose url resolved https://registry.npmjs.org/bower
131 info trying registry request attempt 1 at 11:26:24
132 verbose etag "8ADQ965UYOJ0W5BDOIQWRGKBF"
133 http GET https://registry.npmjs.org/bower
134 http 200 https://registry.npmjs.org/gulp-rename
135 silly registry.get cb [ 200,
135 silly registry.get   { server: 'CouchDB/1.5.0 (Erlang OTP/R16B03)',
135 silly registry.get     etag: '"4QH8BE45AYM0A0ZOPNFS3SB5N"',
135 silly registry.get     'content-type': 'application/json',
135 silly registry.get     'cache-control': 'max-age=300',
135 silly registry.get     'content-length': '14200',
135 silly registry.get     'accept-ranges': 'bytes',
135 silly registry.get     date: 'Tue, 12 Apr 2016 03:26:24 GMT',
135 silly registry.get     via: '1.1 varnish',
135 silly registry.get     age: '105',
135 silly registry.get     connection: 'close',
135 silly registry.get     'x-served-by': 'cache-sin6924-SIN',
135 silly registry.get     'x-cache': 'HIT',
135 silly registry.get     'x-cache-hits': '39',
135 silly registry.get     'x-timer': 'S1460431584.976452,VS0,VE0',
135 silly registry.get     vary: 'Accept-Encoding' } ]
136 silly addNameRange number 2 { name: 'gulp-rename',
136 silly addNameRange   range: '>=1.2.0-0 <2.0.0-0',
136 silly addNameRange   hasData: true }
137 silly addNameRange versions [ 'gulp-rename',
137 silly addNameRange   [ '0.1.0', '0.2.1', '0.2.2', '1.0.0', '1.1.0', '1.2.0', '1.2.2' ] ]
138 verbose addNamed [ 'gulp-rename', '1.2.2' ]
139 verbose addNamed [ '1.2.2', '1.2.2' ]
140 silly lockFile 36a270fc-gulp-rename-1-2-2 gulp-rename@1.2.2
141 verbose lock gulp-rename@1.2.2 /home/farooq/.npm/36a270fc-gulp-rename-1-2-2.lock
142 silly lockFile 12c1b996-ulp-rename-gulp-rename-1-2-2-tgz https://registry.npmjs.org/gulp-rename/-/gulp-rename-1.2.2.tgz
143 verbose lock https://registry.npmjs.org/gulp-rename/-/gulp-rename-1.2.2.tgz /home/farooq/.npm/12c1b996-ulp-rename-gulp-rename-1-2-2-tgz.lock
144 http 200 https://registry.npmjs.org/gulp-concat
145 silly registry.get cb [ 200,
145 silly registry.get   { server: 'CouchDB/1.5.0 (Erlang OTP/R16B03)',
145 silly registry.get     etag: '"B3IVT12LRE2UOY6A7UIC7SDZ3"',
145 silly registry.get     'content-type': 'application/json',
145 silly registry.get     'cache-control': 'max-age=300',
145 silly registry.get     'content-length': '39442',
145 silly registry.get     'accept-ranges': 'bytes',
145 silly registry.get     date: 'Tue, 12 Apr 2016 03:26:24 GMT',
145 silly registry.get     via: '1.1 varnish',
145 silly registry.get     age: '35',
145 silly registry.get     connection: 'close',
145 silly registry.get     'x-served-by': 'cache-sin6927-SIN',
145 silly registry.get     'x-cache': 'HIT',
145 silly registry.get     'x-cache-hits': '2',
145 silly registry.get     'x-timer': 'S1460431584.980015,VS0,VE0',
145 silly registry.get     vary: 'Accept-Encoding' } ]
146 http 200 https://registry.npmjs.org/gulp-sass
147 silly registry.get cb [ 200,
147 silly registry.get   { server: 'CouchDB/1.5.0 (Erlang OTP/R16B03)',
147 silly registry.get     etag: '"7L2KWOO9ZA2E78RCYVC1M2LZW"',
147 silly registry.get     'content-type': 'application/json',
147 silly registry.get     'cache-control': 'max-age=300',
147 silly registry.get     'content-length': '49419',
147 silly registry.get     'accept-ranges': 'bytes',
147 silly registry.get     date: 'Tue, 12 Apr 2016 03:26:24 GMT',
147 silly registry.get     via: '1.1 varnish',
147 silly registry.get     age: '196',
147 silly registry.get     connection: 'close',
147 silly registry.get     'x-served-by': 'cache-sin6925-SIN',
147 silly registry.get     'x-cache': 'HIT',
147 silly registry.get     'x-cache-hits': '3',
147 silly registry.get     'x-timer': 'S1460431584.979953,VS0,VE0',
147 silly registry.get     vary: 'Accept-Encoding' } ]
148 http 200 https://registry.npmjs.org/gulp-minify-css
149 silly registry.get cb [ 200,
149 silly registry.get   { server: 'CouchDB/1.5.0 (Erlang OTP/R16B03)',
149 silly registry.get     etag: '"8FP3O0CID7XPGVWI4G89RIB0X"',
149 silly registry.get     'content-type': 'application/json',
149 silly registry.get     'cache-control': 'max-age=300',
149 silly registry.get     'content-length': '65817',
149 silly registry.get     'accept-ranges': 'bytes',
149 silly registry.get     date: 'Tue, 12 Apr 2016 03:26:24 GMT',
149 silly registry.get     via: '1.1 varnish',
149 silly registry.get     age: '137',
149 silly registry.get     connection: 'close',
149 silly registry.get     'x-served-by': 'cache-sin6925-SIN',
149 silly registry.get     'x-cache': 'HIT',
149 silly registry.get     'x-cache-hits': '3',
149 silly registry.get     'x-timer': 'S1460431584.977098,VS0,VE0',
149 silly registry.get     vary: 'Accept-Encoding' } ]
150 verbose addRemoteTarball [ 'https://registry.npmjs.org/gulp-rename/-/gulp-rename-1.2.2.tgz',
150 verbose addRemoteTarball   '3ad4428763f05e2764dec1c67d868db275687817' ]
151 http 200 https://registry.npmjs.org/gulp-util
152 silly registry.get cb [ 200,
152 silly registry.get   { server: 'CouchDB/1.5.0 (Erlang OTP/R16B03)',
152 silly registry.get     etag: '"ADRURRRZLK4HHX9KGST114O9Z"',
152 silly registry.get     'content-type': 'application/json',
152 silly registry.get     'content-encoding': 'gzip',
152 silly registry.get     'cache-control': 'max-age=300',
152 silly registry.get     'content-length': '9043',
152 silly registry.get     'accept-ranges': 'bytes',
152 silly registry.get     date: 'Tue, 12 Apr 2016 03:26:25 GMT',
152 silly registry.get     via: '1.1 varnish',
152 silly registry.get     age: '223',
152 silly registry.get     connection: 'close',
152 silly registry.get     'x-served-by': 'cache-sin6926-SIN',
152 silly registry.get     'x-cache': 'HIT',
152 silly registry.get     'x-cache-hits': '2',
152 silly registry.get     'x-timer': 'S1460431585.001726,VS0,VE0',
152 silly registry.get     vary: 'Accept-Encoding' } ]
153 silly addNameRange number 2 { name: 'gulp-concat',
153 silly addNameRange   range: '>=2.2.0-0 <3.0.0-0',
153 silly addNameRange   hasData: true }
154 silly addNameRange versions [ 'gulp-concat',
154 silly addNameRange   [ '0.0.1',
154 silly addNameRange     '1.0.0',
154 silly addNameRange     '1.1.0',
154 silly addNameRange     '2.0.0',
154 silly addNameRange     '2.1.0',
154 silly addNameRange     '2.1.1',
154 silly addNameRange     '2.1.2',
154 silly addNameRange     '2.1.3',
154 silly addNameRange     '2.1.4',
154 silly addNameRange     '2.1.5',
154 silly addNameRange     '2.1.6',
154 silly addNameRange     '2.1.7',
154 silly addNameRange     '2.2.0',
154 silly addNameRange     '2.3.0',
154 silly addNameRange     '2.3.3',
154 silly addNameRange     '2.3.4',
154 silly addNameRange     '2.3.5',
154 silly addNameRange     '2.4.0',
154 silly addNameRange     '2.4.1',
154 silly addNameRange     '2.4.2',
154 silly addNameRange     '2.4.3',
154 silly addNameRange     '2.5.0',
154 silly addNameRange     '2.5.1',
154 silly addNameRange     '2.5.2',
154 silly addNameRange     '2.6.0' ] ]
155 verbose addNamed [ 'gulp-concat', '2.6.0' ]
156 verbose addNamed [ '2.6.0', '2.6.0' ]
157 silly lockFile 03b8a742-gulp-concat-2-6-0 gulp-concat@2.6.0
158 verbose lock gulp-concat@2.6.0 /home/farooq/.npm/03b8a742-gulp-concat-2-6-0.lock
159 silly addNameRange number 2 { name: 'gulp-sass', range: '>=2.0.4-0 <3.0.0-0', hasData: true }
160 silly addNameRange versions [ 'gulp-sass',
160 silly addNameRange   [ '0.1.0',
160 silly addNameRange     '0.2.1',
160 silly addNameRange     '0.2.2',
160 silly addNameRange     '0.2.3',
160 silly addNameRange     '0.3.0',
160 silly addNameRange     '0.4.0',
160 silly addNameRange     '0.4.1',
160 silly addNameRange     '0.5.0',
160 silly addNameRange     '0.5.1',
160 silly addNameRange     '0.5.2',
160 silly addNameRange     '0.6.0',
160 silly addNameRange     '0.7.0',
160 silly addNameRange     '0.7.1',
160 silly addNameRange     '0.7.2',
160 silly addNameRange     '0.7.3',
160 silly addNameRange     '1.0.0',
160 silly addNameRange     '1.1.0',
160 silly addNameRange     '1.2.0',
160 silly addNameRange     '1.2.1',
160 silly addNameRange     '1.2.2',
160 silly addNameRange     '1.2.3',
160 silly addNameRange     '1.2.4',
160 silly addNameRange     '1.3.0',
160 silly addNameRange     '1.3.1',
160 silly addNameRange     '1.3.2',
160 silly addNameRange     '1.3.3',
160 silly addNameRange     '2.0.0-alpha.1',
160 silly addNameRange     '2.0.0',
160 silly addNameRange     '2.0.2',
160 silly addNameRange     '2.0.3',
160 silly addNameRange     '2.0.4',
160 silly addNameRange     '2.1.0-beta',
160 silly addNameRange     '2.1.0',
160 silly addNameRange     '2.1.1',
160 silly addNameRange     '2.2.0',
160 silly addNameRange     '2.3.0-beta.1' ] ]
161 verbose addNamed [ 'gulp-sass', '2.2.0' ]
162 verbose addNamed [ '2.2.0', '2.2.0' ]
163 silly lockFile 53771eeb-gulp-sass-2-2-0 gulp-sass@2.2.0
164 verbose lock gulp-sass@2.2.0 /home/farooq/.npm/53771eeb-gulp-sass-2-2-0.lock
165 http 200 https://registry.npmjs.org/gulp
166 silly registry.get cb [ 200,
166 silly registry.get   { server: 'CouchDB/1.5.0 (Erlang OTP/R16B03)',
166 silly registry.get     etag: '"6EMM2KHTR3OVADTGMBHSP3HXJ"',
166 silly registry.get     'content-type': 'application/json',
166 silly registry.get     'content-encoding': 'gzip',
166 silly registry.get     'cache-control': 'max-age=300',
166 silly registry.get     'content-length': '18097',
166 silly registry.get     'accept-ranges': 'bytes',
166 silly registry.get     date: 'Tue, 12 Apr 2016 03:26:24 GMT',
166 silly registry.get     via: '1.1 varnish',
166 silly registry.get     age: '80',
166 silly registry.get     connection: 'close',
166 silly registry.get     'x-served-by': 'cache-sin6926-SIN',
166 silly registry.get     'x-cache': 'HIT',
166 silly registry.get     'x-cache-hits': '2',
166 silly registry.get     'x-timer': 'S1460431584.986318,VS0,VE0',
166 silly registry.get     vary: 'Accept-Encoding' } ]
167 silly lockFile a5bb2ad5-ulp-concat-gulp-concat-2-6-0-tgz https://registry.npmjs.org/gulp-concat/-/gulp-concat-2.6.0.tgz
168 verbose lock https://registry.npmjs.org/gulp-concat/-/gulp-concat-2.6.0.tgz /home/farooq/.npm/a5bb2ad5-ulp-concat-gulp-concat-2-6-0-tgz.lock
169 info retry fetch attempt 1 at 11:26:25
170 verbose fetch to= /home/farooq/tmp/npm-3663-32BYDjDh/1460431585042-0.013455229578539729/tmp.tgz
171 silly lockFile 31e63eb1-rg-gulp-sass-gulp-sass-2-2-0-tgz https://registry.npmjs.org/gulp-sass/-/gulp-sass-2.2.0.tgz
172 verbose lock https://registry.npmjs.org/gulp-sass/-/gulp-sass-2.2.0.tgz /home/farooq/.npm/31e63eb1-rg-gulp-sass-gulp-sass-2-2-0-tgz.lock
173 verbose addRemoteTarball [ 'https://registry.npmjs.org/gulp-concat/-/gulp-concat-2.6.0.tgz',
173 verbose addRemoteTarball   '585cfb115411f348773131140566b6a81c69cb91' ]
174 http GET https://registry.npmjs.org/gulp-rename/-/gulp-rename-1.2.2.tgz
175 verbose addRemoteTarball [ 'https://registry.npmjs.org/gulp-sass/-/gulp-sass-2.2.0.tgz',
175 verbose addRemoteTarball   'ac7fb33112443ee4fd2df7468ed966a14a72476f' ]
176 silly addNameRange number 2 { name: 'gulp-util',
176 silly addNameRange   range: '>=2.2.14-0 <3.0.0-0',
176 silly addNameRange   hasData: true }
177 silly addNameRange versions [ 'gulp-util',
177 silly addNameRange   [ '0.0.1',
177 silly addNameRange     '1.0.0',
177 silly addNameRange     '1.1.0',
177 silly addNameRange     '1.1.1',
177 silly addNameRange     '1.2.0',
177 silly addNameRange     '1.3.0',
177 silly addNameRange     '2.0.0',
177 silly addNameRange     '2.1.1',
177 silly addNameRange     '2.1.2',
177 silly addNameRange     '2.1.3',
177 silly addNameRange     '2.1.4',
177 silly addNameRange     '2.2.0',
177 silly addNameRange     '2.2.1',
177 silly addNameRange     '2.2.2',
177 silly addNameRange     '2.2.3',
177 silly addNameRange     '2.2.5',
177 silly addNameRange     '2.2.6',
177 silly addNameRange     '2.2.7',
177 silly addNameRange     '2.2.8',
177 silly addNameRange     '2.2.9',
177 silly addNameRange     '2.2.10',
177 silly addNameRange     '2.2.11',
177 silly addNameRange     '2.2.12',
177 silly addNameRange     '2.2.13',
177 silly addNameRange     '2.2.14',
177 silly addNameRange     '2.2.15',
177 silly addNameRange     '2.2.16',
177 silly addNameRange     '2.2.17',
177 silly addNameRange     '2.2.18',
177 silly addNameRange     '2.2.19',
177 silly addNameRange     '2.2.20',
177 silly addNameRange     '3.0.0',
177 silly addNameRange     '3.0.1',
177 silly addNameRange     '3.0.2',
177 silly addNameRange     '3.0.3',
177 silly addNameRange     '3.0.4',
177 silly addNameRange     '3.0.5',
177 silly addNameRange     '3.0.6',
177 silly addNameRange     '3.0.7' ] ]
178 verbose addNamed [ 'gulp-util', '2.2.20' ]
179 verbose addNamed [ '2.2.20', '2.2.20' ]
180 silly lockFile 48c194cb-gulp-util-2-2-20 gulp-util@2.2.20
181 verbose lock gulp-util@2.2.20 /home/farooq/.npm/48c194cb-gulp-util-2-2-20.lock
182 silly addNameRange number 2 { name: 'gulp-minify-css',
182 silly addNameRange   range: '>=0.3.0-0 <0.4.0-0',
182 silly addNameRange   hasData: true }
183 silly addNameRange versions [ 'gulp-minify-css',
183 silly addNameRange   [ '0.0.1',
183 silly addNameRange     '0.1.0',
183 silly addNameRange     '0.2.0',
183 silly addNameRange     '0.3.0',
183 silly addNameRange     '0.3.1',
183 silly addNameRange     '0.3.2',
183 silly addNameRange     '0.3.3',
183 silly addNameRange     '0.3.4',
183 silly addNameRange     '0.3.5',
183 silly addNameRange     '0.3.6',
183 silly addNameRange     '0.3.7',
183 silly addNameRange     '0.3.8',
183 silly addNameRange     '0.3.9',
183 silly addNameRange     '0.3.10',
183 silly addNameRange     '0.3.11',
183 silly addNameRange     '0.3.12',
183 silly addNameRange     '0.3.13',
183 silly addNameRange     '0.4.0',
183 silly addNameRange     '0.4.1',
183 silly addNameRange     '0.4.2',
183 silly addNameRange     '0.4.3',
183 silly addNameRange     '0.4.4',
183 silly addNameRange     '0.4.5',
183 silly addNameRange     '0.4.6',
183 silly addNameRange     '0.5.0',
183 silly addNameRange     '0.5.1',
183 silly addNameRange     '1.0.0',
183 silly addNameRange     '1.1.0',
183 silly addNameRange     '1.1.1',
183 silly addNameRange     '1.1.2',
183 silly addNameRange     '1.1.2-1',
183 silly addNameRange     '1.1.3',
183 silly addNameRange     '1.1.4',
183 silly addNameRange     '1.1.5',
183 silly addNameRange     '1.1.6',
183 silly addNameRange     '1.2.0',
183 silly addNameRange     '1.2.1',
183 silly addNameRange     '1.2.2',
183 silly addNameRange     '1.2.3',
183 silly addNameRange     '1.2.4' ] ]
184 verbose addNamed [ 'gulp-minify-css', '0.3.13' ]
185 verbose addNamed [ '0.3.13', '0.3.13' ]
186 silly lockFile 9038a954-gulp-minify-css-0-3-13 gulp-minify-css@0.3.13
187 verbose lock gulp-minify-css@0.3.13 /home/farooq/.npm/9038a954-gulp-minify-css-0-3-13.lock
188 warn deprecated gulp-minify-css@0.3.13: Please use gulp-clean-css
189 silly addNameRange number 2 { name: 'gulp', range: '>=3.5.6-0 <4.0.0-0', hasData: true }
190 silly addNameRange versions [ 'gulp',
190 silly addNameRange   [ '0.0.1',
190 silly addNameRange     '0.0.2',
190 silly addNameRange     '0.0.3',
190 silly addNameRange     '0.0.4',
190 silly addNameRange     '0.0.5',
190 silly addNameRange     '0.0.7',
190 silly addNameRange     '0.0.8',
190 silly addNameRange     '0.0.9',
190 silly addNameRange     '0.1.0',
190 silly addNameRange     '0.2.0',
190 silly addNameRange     '1.0.0',
190 silly addNameRange     '1.1.0',
190 silly addNameRange     '1.2.0',
190 silly addNameRange     '1.2.1',
190 silly addNameRange     '2.0.0',
190 silly addNameRange     '2.0.1',
190 silly addNameRange     '2.1.0',
190 silly addNameRange     '2.2.0',
190 silly addNameRange     '2.3.0',
190 silly addNameRange     '2.4.0',
190 silly addNameRange     '2.4.1',
190 silly addNameRange     '2.6.0',
190 silly addNameRange     '2.6.1',
190 silly addNameRange     '2.7.0',
190 silly addNameRange     '3.0.0',
190 silly addNameRange     '3.1.1',
190 silly addNameRange     '3.1.2',
190 silly addNameRange     '3.1.3',
190 silly addNameRange     '3.1.4',
190 silly addNameRange     '3.2.0',
190 silly addNameRange     '3.2.1',
190 silly addNameRange     '3.2.2',
190 silly addNameRange     '3.2.3',
190 silly addNameRange     '3.2.4',
190 silly addNameRange     '3.2.5',
190 silly addNameRange     '3.3.0',
190 silly addNameRange     '3.3.1',
190 silly addNameRange     '3.3.2',
190 silly addNameRange     '3.3.4',
190 silly addNameRange     '3.4.0',
190 silly addNameRange     '3.5.0',
190 silly addNameRange     '3.5.1',
190 silly addNameRange     '3.5.2',
190 silly addNameRange     '3.5.5',
190 silly addNameRange     '3.5.6',
190 silly addNameRange     '3.6.0',
190 silly addNameRange     '3.6.1',
190 silly addNameRange     '3.6.2',
190 silly addNameRange     '3.7.0',
190 silly addNameRange     '3.8.0',
190 silly addNameRange     '3.8.1',
190 silly addNameRange     '3.8.2',
190 silly addNameRange     '3.8.3',
190 silly addNameRange     '3.8.4',
190 silly addNameRange     '3.8.5',
190 silly addNameRange     '3.8.6',
190 silly addNameRange     '3.8.7',
190 silly addNameRange     '3.8.8',
190 silly addNameRange     '3.8.9',
190 silly addNameRange     '3.8.10',
190 silly addNameRange     '3.8.11',
190 silly addNameRange     '3.9.0',
190 silly addNameRange     '3.9.1' ] ]
191 verbose addNamed [ 'gulp', '3.9.1' ]
192 verbose addNamed [ '3.9.1', '3.9.1' ]
193 silly lockFile d9f1ef79-gulp-3-9-1 gulp@3.9.1
194 verbose lock gulp@3.9.1 /home/farooq/.npm/d9f1ef79-gulp-3-9-1.lock
195 silly lockFile 34166e88-g-gulp-util-gulp-util-2-2-20-tgz https://registry.npmjs.org/gulp-util/-/gulp-util-2.2.20.tgz
196 verbose lock https://registry.npmjs.org/gulp-util/-/gulp-util-2.2.20.tgz /home/farooq/.npm/34166e88-g-gulp-util-gulp-util-2-2-20-tgz.lock
197 silly lockFile 8781e9f5-y-css-gulp-minify-css-0-3-13-tgz https://registry.npmjs.org/gulp-minify-css/-/gulp-minify-css-0.3.13.tgz
198 verbose lock https://registry.npmjs.org/gulp-minify-css/-/gulp-minify-css-0.3.13.tgz /home/farooq/.npm/8781e9f5-y-css-gulp-minify-css-0-3-13-tgz.lock
199 verbose addRemoteTarball [ 'https://registry.npmjs.org/gulp-util/-/gulp-util-2.2.20.tgz',
199 verbose addRemoteTarball   'd7146e5728910bd8f047a6b0b1e549bc22dbd64c' ]
200 verbose addRemoteTarball [ 'https://registry.npmjs.org/gulp-minify-css/-/gulp-minify-css-0.3.13.tgz',
200 verbose addRemoteTarball   'ba813c665422868305383ccd185f239c1e35209b' ]
201 http 200 https://registry.npmjs.org/bower
202 silly registry.get cb [ 200,
202 silly registry.get   { server: 'CouchDB/1.5.0 (Erlang OTP/R16B03)',
202 silly registry.get     etag: '"C5GPEP43F9XQ6KECR9JOY7LU5"',
202 silly registry.get     'content-type': 'application/json',
202 silly registry.get     'cache-control': 'max-age=300',
202 silly registry.get     'content-length': '172300',
202 silly registry.get     'accept-ranges': 'bytes',
202 silly registry.get     date: 'Tue, 12 Apr 2016 03:26:25 GMT',
202 silly registry.get     via: '1.1 varnish',
202 silly registry.get     age: '124',
202 silly registry.get     connection: 'close',
202 silly registry.get     'x-served-by': 'cache-sin6925-SIN',
202 silly registry.get     'x-cache': 'HIT',
202 silly registry.get     'x-cache-hits': '3',
202 silly registry.get     'x-timer': 'S1460431585.026206,VS0,VE0',
202 silly registry.get     vary: 'Accept-Encoding' } ]
203 info retry fetch attempt 1 at 11:26:25
204 verbose fetch to= /home/farooq/tmp/npm-3663-32BYDjDh/1460431585091-0.8428591613192111/tmp.tgz
205 info retry fetch attempt 1 at 11:26:25
206 verbose fetch to= /home/farooq/tmp/npm-3663-32BYDjDh/1460431585095-0.3968834604602307/tmp.tgz
207 info retry fetch attempt 1 at 11:26:25
208 verbose fetch to= /home/farooq/tmp/npm-3663-32BYDjDh/1460431585135-0.44341667043045163/tmp.tgz
209 info retry fetch attempt 1 at 11:26:25
210 verbose fetch to= /home/farooq/tmp/npm-3663-32BYDjDh/1460431585135-0.4529949650168419/tmp.tgz
211 http GET https://registry.npmjs.org/gulp-concat/-/gulp-concat-2.6.0.tgz
212 http GET https://registry.npmjs.org/gulp-sass/-/gulp-sass-2.2.0.tgz
213 http GET https://registry.npmjs.org/gulp-util/-/gulp-util-2.2.20.tgz
214 silly lockFile d9f1ef79-gulp-3-9-1 gulp@3.9.1
215 silly lockFile d9f1ef79-gulp-3-9-1 gulp@3.9.1
216 http GET https://registry.npmjs.org/gulp-minify-css/-/gulp-minify-css-0.3.13.tgz
217 silly lockFile 28ac0b1b-gulp-3-5-6 gulp@^3.5.6
218 silly lockFile 28ac0b1b-gulp-3-5-6 gulp@^3.5.6
219 silly addNameRange number 2 { name: 'bower', range: '>=1.3.3-0 <2.0.0-0', hasData: true }
220 silly addNameRange versions [ 'bower',
220 silly addNameRange   [ '0.1.0',
220 silly addNameRange     '0.1.2',
220 silly addNameRange     '0.1.3',
220 silly addNameRange     '0.2.0',
220 silly addNameRange     '0.3.0',
220 silly addNameRange     '0.3.1',
220 silly addNameRange     '0.3.2',
220 silly addNameRange     '0.4.0',
220 silly addNameRange     '0.5.0',
220 silly addNameRange     '0.5.1',
220 silly addNameRange     '0.6.0',
220 silly addNameRange     '0.6.1',
220 silly addNameRange     '0.6.2',
220 silly addNameRange     '0.6.3',
220 silly addNameRange     '0.6.4',
220 silly addNameRange     '0.6.5',
220 silly addNameRange     '0.6.6',
220 silly addNameRange     '0.6.7',
220 silly addNameRange     '0.6.8',
220 silly addNameRange     '0.7.0',
220 silly addNameRange     '0.7.1',
220 silly addNameRange     '0.8.0',
220 silly addNameRange     '0.8.1',
220 silly addNameRange     '0.8.2',
220 silly addNameRange     '0.8.3',
220 silly addNameRange     '0.8.4',
220 silly addNameRange     '0.8.5',
220 silly addNameRange     '0.8.6',
220 silly addNameRange     '0.9.0',
220 silly addNameRange     '0.9.1',
220 silly addNameRange     '0.9.2',
220 silly addNameRange     '0.10.0',
220 silly addNameRange     '1.0.0',
220 silly addNameRange     '1.0.1',
220 silly addNameRange     '1.0.2',
220 silly addNameRange     '1.0.3',
220 silly addNameRange     '1.1.0',
220 silly addNameRange     '1.1.1',
220 silly addNameRange     '1.1.2',
220 silly addNameRange     '1.2.0',
220 silly addNameRange     '1.2.1',
220 silly addNameRange     '1.2.2',
220 silly addNameRange     '1.2.3',
220 silly addNameRange     '1.2.4',
220 silly addNameRange     '1.2.5',
220 silly addNameRange     '1.2.6',
220 silly addNameRange     '1.2.7',
220 silly addNameRange     '1.2.8',
220 silly addNameRange     '1.3.0',
220 silly addNameRange     '1.3.1',
220 silly addNameRange     '1.3.2',
220 silly addNameRange     '1.3.3',
220 silly addNameRange     '1.3.4',
220 silly addNameRange     '1.3.5',
220 silly addNameRange     '1.3.6',
220 silly addNameRange     '1.3.7',
220 silly addNameRange     '1.3.8',
220 silly addNameRange     '1.3.9',
220 silly addNameRange     '1.3.10',
220 silly addNameRange     '1.3.11',
220 silly addNameRange     '1.3.12',
220 silly addNameRange     '1.4.0',
220 silly addNameRange     '1.4.1',
220 silly addNameRange     '1.5.0',
220 silly addNameRange     '1.5.1',
220 silly addNameRange     '1.5.2',
220 silly addNameRange     '1.5.3',
220 silly addNameRange     '1.6.2',
220 silly addNameRange     '1.6.3',
220 silly addNameRange     '1.6.4',
220 silly addNameRange     '1.6.5',
220 silly addNameRange     '1.5.4',
220 silly addNameRange     '1.4.2',
220 silly addNameRange     '1.6.6',
220 silly addNameRange     '1.6.7',
220 silly addNameRange     '1.6.8',
220 silly addNameRange     '1.6.9',
220 silly addNameRange     '1.7.0',
220 silly addNameRange     '1.7.1',
220 silly addNameRange     '1.7.2',
220 silly addNameRange     '1.7.5',
220 silly addNameRange     '1.7.6',
220 silly addNameRange     '1.7.7',
220 silly addNameRange     '1.7.8',
220 silly addNameRange     '1.7.9' ] ]
221 verbose addNamed [ 'bower', '1.7.9' ]
222 verbose addNamed [ '1.7.9', '1.7.9' ]
223 silly lockFile c07be986-bower-1-7-9 bower@1.7.9
224 verbose lock bower@1.7.9 /home/farooq/.npm/c07be986-bower-1-7-9.lock
225 silly lockFile 1539c588--npmjs-org-bower-bower-1-7-9-tgz https://registry.npmjs.org/bower/-/bower-1.7.9.tgz
226 verbose lock https://registry.npmjs.org/bower/-/bower-1.7.9.tgz /home/farooq/.npm/1539c588--npmjs-org-bower-bower-1-7-9-tgz.lock
227 verbose addRemoteTarball [ 'https://registry.npmjs.org/bower/-/bower-1.7.9.tgz',
227 verbose addRemoteTarball   'b7296c2393e0d75edaa6ca39648132dd255812b0' ]
228 info retry fetch attempt 1 at 11:26:25
229 verbose fetch to= /home/farooq/tmp/npm-3663-32BYDjDh/1460431585293-0.5673464769497514/tmp.tgz
230 http GET https://registry.npmjs.org/bower/-/bower-1.7.9.tgz
231 http 200 https://registry.npmjs.org/gulp-sass/-/gulp-sass-2.2.0.tgz
232 http 200 https://registry.npmjs.org/gulp-util/-/gulp-util-2.2.20.tgz
233 http 200 https://registry.npmjs.org/gulp-concat/-/gulp-concat-2.6.0.tgz
234 http 200 https://registry.npmjs.org/gulp-minify-css/-/gulp-minify-css-0.3.13.tgz
235 verbose tar unpack /home/farooq/tmp/npm-3663-32BYDjDh/1460431585091-0.8428591613192111/tmp.tgz
236 silly lockFile 71ffbd48-oq-npm-gulp-concat-2-6-0-package tar:///home/farooq/.npm/gulp-concat/2.6.0/package
237 verbose lock tar:///home/farooq/.npm/gulp-concat/2.6.0/package /home/farooq/.npm/71ffbd48-oq-npm-gulp-concat-2-6-0-package.lock
238 silly lockFile 57eb498b-85091-0-8428591613192111-tmp-tgz tar:///home/farooq/tmp/npm-3663-32BYDjDh/1460431585091-0.8428591613192111/tmp.tgz
239 verbose lock tar:///home/farooq/tmp/npm-3663-32BYDjDh/1460431585091-0.8428591613192111/tmp.tgz /home/farooq/.npm/57eb498b-85091-0-8428591613192111-tmp-tgz.lock
240 verbose tar unpack /home/farooq/tmp/npm-3663-32BYDjDh/1460431585135-0.44341667043045163/tmp.tgz
241 silly lockFile 89875c9c-ooq-npm-gulp-util-2-2-20-package tar:///home/farooq/.npm/gulp-util/2.2.20/package
242 verbose lock tar:///home/farooq/.npm/gulp-util/2.2.20/package /home/farooq/.npm/89875c9c-ooq-npm-gulp-util-2-2-20-package.lock
243 silly lockFile 98aa8759-5135-0-44341667043045163-tmp-tgz tar:///home/farooq/tmp/npm-3663-32BYDjDh/1460431585135-0.44341667043045163/tmp.tgz
244 verbose lock tar:///home/farooq/tmp/npm-3663-32BYDjDh/1460431585135-0.44341667043045163/tmp.tgz /home/farooq/.npm/98aa8759-5135-0-44341667043045163-tmp-tgz.lock
245 silly gunzTarPerm modes [ '755', '644' ]
246 verbose tar unpack /home/farooq/tmp/npm-3663-32BYDjDh/1460431585095-0.3968834604602307/tmp.tgz
247 silly lockFile 96a55e01-rooq-npm-gulp-sass-2-2-0-package tar:///home/farooq/.npm/gulp-sass/2.2.0/package
248 verbose lock tar:///home/farooq/.npm/gulp-sass/2.2.0/package /home/farooq/.npm/96a55e01-rooq-npm-gulp-sass-2-2-0-package.lock
249 silly lockFile a9b87e72-85095-0-3968834604602307-tmp-tgz tar:///home/farooq/tmp/npm-3663-32BYDjDh/1460431585095-0.3968834604602307/tmp.tgz
250 verbose lock tar:///home/farooq/tmp/npm-3663-32BYDjDh/1460431585095-0.3968834604602307/tmp.tgz /home/farooq/.npm/a9b87e72-85095-0-3968834604602307-tmp-tgz.lock
251 silly gunzTarPerm modes [ '755', '644' ]
252 silly gunzTarPerm modes [ '755', '644' ]
253 verbose tar unpack /home/farooq/tmp/npm-3663-32BYDjDh/1460431585135-0.4529949650168419/tmp.tgz
254 silly lockFile fa216e46-m-gulp-minify-css-0-3-13-package tar:///home/farooq/.npm/gulp-minify-css/0.3.13/package
255 verbose lock tar:///home/farooq/.npm/gulp-minify-css/0.3.13/package /home/farooq/.npm/fa216e46-m-gulp-minify-css-0-3-13-package.lock
256 silly lockFile 9db580b6-85135-0-4529949650168419-tmp-tgz tar:///home/farooq/tmp/npm-3663-32BYDjDh/1460431585135-0.4529949650168419/tmp.tgz
257 verbose lock tar:///home/farooq/tmp/npm-3663-32BYDjDh/1460431585135-0.4529949650168419/tmp.tgz /home/farooq/.npm/9db580b6-85135-0-4529949650168419-tmp-tgz.lock
258 silly gunzTarPerm modes [ '755', '644' ]
259 http 200 https://registry.npmjs.org/bower/-/bower-1.7.9.tgz
260 silly gunzTarPerm extractEntry package.json
261 silly gunzTarPerm extractEntry package.json
262 silly gunzTarPerm extractEntry package.json
263 silly gunzTarPerm extractEntry package.json
264 silly gunzTarPerm modified mode [ 'package.json', 436, 420 ]
265 silly gunzTarPerm extractEntry .npmignore
266 silly gunzTarPerm extractEntry README.md
267 silly gunzTarPerm extractEntry .npmignore
268 silly gunzTarPerm extractEntry README.md
269 silly gunzTarPerm extractEntry .npmignore
270 silly gunzTarPerm modified mode [ '.npmignore', 384, 420 ]
271 silly gunzTarPerm extractEntry README.md
272 silly gunzTarPerm modified mode [ 'README.md', 436, 420 ]
273 silly gunzTarPerm extractEntry README.md
274 silly gunzTarPerm extractEntry LICENSE
275 silly gunzTarPerm extractEntry LICENSE
276 silly gunzTarPerm extractEntry index.js
277 silly gunzTarPerm extractEntry LICENSE
278 silly gunzTarPerm modified mode [ 'LICENSE', 509, 493 ]
279 silly gunzTarPerm extractEntry index.js
280 silly gunzTarPerm modified mode [ 'index.js', 436, 420 ]
281 silly gunzTarPerm extractEntry LICENSE
282 silly gunzTarPerm extractEntry index.js
283 silly gunzTarPerm extractEntry index.js
284 http 200 https://registry.npmjs.org/shelljs
285 silly registry.get cb [ 200,
285 silly registry.get   { server: 'CouchDB/1.5.0 (Erlang OTP/R16B03)',
285 silly registry.get     etag: '"5QV08FTFKH5AOKKWRE9JVNGKG"',
285 silly registry.get     'content-type': 'application/json',
285 silly registry.get     'content-encoding': 'gzip',
285 silly registry.get     'cache-control': 'max-age=300',
285 silly registry.get     'content-length': '13203',
285 silly registry.get     'accept-ranges': 'bytes',
285 silly registry.get     date: 'Tue, 12 Apr 2016 03:26:25 GMT',
285 silly registry.get     via: '1.1 varnish',
285 silly registry.get     age: '248',
285 silly registry.get     connection: 'close',
285 silly registry.get     'x-served-by': 'cache-sin6923-SIN',
285 silly registry.get     'x-cache': 'HIT',
285 silly registry.get     'x-cache-hits': '5',
285 silly registry.get     'x-timer': 'S1460431585.400697,VS0,VE0',
285 silly registry.get     vary: 'Accept-Encoding' } ]
286 silly gunzTarPerm extractEntry CONTRIBUTING.md
287 silly gunzTarPerm extractEntry .eslintrc
288 silly gunzTarPerm extractEntry .editorconfig
289 silly gunzTarPerm extractEntry .travis.yml
290 silly gunzTarPerm extractEntry CHANGELOG.md
291 silly gunzTarPerm extractEntry .travis.yml
292 silly gunzTarPerm modified mode [ '.travis.yml', 384, 420 ]
293 silly gunzTarPerm extractEntry test/cache.js
294 silly gunzTarPerm modified mode [ 'test/cache.js', 384, 420 ]
295 silly gunzTarPerm extractEntry .travis.yml
296 silly gunzTarPerm extractEntry lib/File.js
297 silly addNameRange number 2 { name: 'shelljs', range: '>=0.3.0-0 <0.4.0-0', hasData: true }
298 silly addNameRange versions [ 'shelljs',
298 silly addNameRange   [ '0.0.1',
298 silly addNameRange     '0.0.2',
298 silly addNameRange     '0.0.3',
298 silly addNameRange     '0.0.4',
298 silly addNameRange     '0.0.5',
298 silly addNameRange     '0.0.6',
298 silly addNameRange     '0.0.7',
298 silly addNameRange     '0.0.8',
298 silly addNameRange     '0.0.9',
298 silly addNameRange     '0.1.0',
298 silly addNameRange     '0.1.1',
298 silly addNameRange     '0.1.2',
298 silly addNameRange     '0.1.3',
298 silly addNameRange     '0.1.4',
298 silly addNameRange     '0.2.0',
298 silly addNameRange     '0.2.1',
298 silly addNameRange     '0.2.2',
298 silly addNameRange     '0.2.3',
298 silly addNameRange     '0.2.4',
298 silly addNameRange     '0.2.5',
298 silly addNameRange     '0.2.6',
298 silly addNameRange     '0.3.0',
298 silly addNameRange     '0.4.0',
298 silly addNameRange     '0.5.0',
298 silly addNameRange     '0.5.1',
298 silly addNameRange     '0.5.2',
298 silly addNameRange     '0.5.3',
298 silly addNameRange     '0.6.0',
298 silly addNameRange     '0.0.1-alpha1',
298 silly addNameRange     '0.0.2-pre1',
298 silly addNameRange     '0.0.4-pre1',
298 silly addNameRange     '0.0.5-pre1',
298 silly addNameRange     '0.0.5-pre2',
298 silly addNameRange     '0.0.5-pre3',
298 silly addNameRange     '0.0.5-pre4',
298 silly addNameRange     '0.0.6-pre1',
298 silly addNameRange     '0.0.6-pre2' ] ]
299 verbose addNamed [ 'shelljs', '0.3.0' ]
300 verbose addNamed [ '0.3.0', '0.3.0' ]
301 silly lockFile 7d3918b1-shelljs-0-3-0 shelljs@0.3.0
302 verbose lock shelljs@0.3.0 /home/farooq/.npm/7d3918b1-shelljs-0-3-0.lock
303 silly gunzTarPerm extractEntry test/minify.js
304 silly gunzTarPerm modified mode [ 'test/minify.js', 436, 420 ]
305 silly gunzTarPerm extractEntry lib/colors.js
306 silly gunzTarPerm extractEntry lib/combine.js
307 silly gunzTarPerm extractEntry test/sourceMap.js
308 silly gunzTarPerm modified mode [ 'test/sourceMap.js', 436, 420 ]
309 silly gunzTarPerm extractEntry test/fixture/import.css
310 silly gunzTarPerm modified mode [ 'test/fixture/import.css', 436, 420 ]
311 silly gunzTarPerm extractEntry lib/date.js
312 silly gunzTarPerm extractEntry lib/env.js
313 silly gunzTarPerm extractEntry lib/buffer.js
314 silly gunzTarPerm extractEntry lib/isNull.js
315 silly gunzTarPerm extractEntry lib/isStream.js
316 silly gunzTarPerm extractEntry lib/linefeed.js
317 silly gunzTarPerm extractEntry lib/log.js
318 silly gunzTarPerm extractEntry lib/noop.js
319 silly gunzTarPerm extractEntry lib/beep.js
320 silly gunzTarPerm extractEntry lib/replaceExtension.js
321 silly gunzTarPerm extractEntry lib/PluginError.js
322 silly gunzTarPerm extractEntry lib/template.js
323 silly gunzTarPerm extractEntry lib/isBuffer.js
324 silly lockFile 71ffbd48-oq-npm-gulp-concat-2-6-0-package tar:///home/farooq/.npm/gulp-concat/2.6.0/package
325 silly lockFile 71ffbd48-oq-npm-gulp-concat-2-6-0-package tar:///home/farooq/.npm/gulp-concat/2.6.0/package
326 silly lockFile 57eb498b-85091-0-8428591613192111-tmp-tgz tar:///home/farooq/tmp/npm-3663-32BYDjDh/1460431585091-0.8428591613192111/tmp.tgz
327 silly lockFile 57eb498b-85091-0-8428591613192111-tmp-tgz tar:///home/farooq/tmp/npm-3663-32BYDjDh/1460431585091-0.8428591613192111/tmp.tgz
328 silly gunzTarPerm extractEntry test/fixture/index.css
329 silly gunzTarPerm modified mode [ 'test/fixture/index.css', 384, 420 ]
330 silly gunzTarPerm extractEntry test/fixture/sourcemap.css
331 silly gunzTarPerm modified mode [ 'test/fixture/sourcemap.css', 436, 420 ]
332 silly lockFile a5bb2ad5-ulp-concat-gulp-concat-2-6-0-tgz https://registry.npmjs.org/gulp-concat/-/gulp-concat-2.6.0.tgz
333 silly lockFile a5bb2ad5-ulp-concat-gulp-concat-2-6-0-tgz https://registry.npmjs.org/gulp-concat/-/gulp-concat-2.6.0.tgz
334 silly lockFile 03b8a742-gulp-concat-2-6-0 gulp-concat@2.6.0
335 silly lockFile 03b8a742-gulp-concat-2-6-0 gulp-concat@2.6.0
336 silly lockFile bade1119-gulp-concat-2-2-0 gulp-concat@^2.2.0
337 silly lockFile bade1119-gulp-concat-2-2-0 gulp-concat@^2.2.0
338 silly gunzTarPerm extractEntry test/fixture/srcmap-sub/srcmap-sub.css
339 silly gunzTarPerm modified mode [ 'test/fixture/srcmap-sub/srcmap-sub.css', 436, 420 ]
340 silly lockFile 7d3918b1-shelljs-0-3-0 shelljs@0.3.0
341 silly lockFile 7d3918b1-shelljs-0-3-0 shelljs@0.3.0
342 silly lockFile 1ddaa962-shelljs-0-3-0 shelljs@^0.3.0
343 silly lockFile 1ddaa962-shelljs-0-3-0 shelljs@^0.3.0
344 error Error: EACCES, open '/home/farooq/.npm/shelljs/0.3.0/package/package.json'
344 error     at Error (native)
344 error  { [Error: EACCES, open '/home/farooq/.npm/shelljs/0.3.0/package/package.json']
344 error   stack: 'Error: EACCES, open \'/home/farooq/.npm/shelljs/0.3.0/package/package.json\'\n    at Error (native)',
344 error   errno: -13,
344 error   code: 'EACCES',
344 error   path: '/home/farooq/.npm/shelljs/0.3.0/package/package.json',
344 error   parent: 'makanmana' }
345 error Please try running this command again as root/Administrator.
346 error System Linux 4.2.0-34-generic
347 error command "/home/farooq/.nvm/v0.11.13/bin/node" "/home/farooq/.nvm/v0.11.13/bin/npm" "i"
348 error cwd /home/farooq/Documents/workspace/fyp/makanMana
349 error node -v v0.11.13
350 error npm -v 1.4.9
351 error path /home/farooq/.npm/shelljs/0.3.0/package/package.json
352 error code EACCES
353 error errno -13
354 error stack Error: EACCES, open '/home/farooq/.npm/shelljs/0.3.0/package/package.json'
354 error stack     at Error (native)
355 verbose exit [ -13, true ]
